<?xml version="1.0" encoding="UTF-8"?>
<!-- Generated by org.testng.reporters.JUnitReportReporter -->
<testsuite hostname="LAPTOP-8GD78RI5" failures="0" tests="3" name="com.amazon.Pages.CreateAccount" time="0.020" errors="0" timestamp="2023-10-04T13:43:58 IST" skipped="0">
  <testcase classname="com.amazon.Pages.CreateAccount" name="Second" time="0.001"/>
  <testcase classname="com.amazon.Pages.CreateAccount" name="First" time="0.018"/>
  <testcase classname="com.amazon.Pages.CreateAccount" name="third" time="0.001"/>
</testsuite> <!-- com.amazon.Pages.CreateAccount -->
