<?xml version="1.0" encoding="UTF-8"?>
<!-- Generated by org.testng.reporters.JUnitReportReporter -->
<testsuite hostname="LAPTOP-8GD78RI5" failures="0" tests="1" name="com.facebook.Test.LogInTests2DataFromExel" time="17.571" errors="0" timestamp="2023-10-19T17:30:55 IST" skipped="0">
  <testcase classname="com.facebook.Test.LogInTests2DataFromExel" name="loginWithInvalicredentials" time="17.571"/>
</testsuite> <!-- com.facebook.Test.LogInTests2DataFromExel -->
