<?xml version="1.0" encoding="UTF-8"?>
<!-- Generated by org.testng.reporters.JUnitReportReporter -->
<testsuite hostname="LAPTOP-8GD78RI5" failures="0" tests="3" name="com.facebook.Test.LogInTests2Fetchdata" time="12.061" errors="0" timestamp="2023-10-14T17:56:59 IST" skipped="0">
  <testcase classname="com.facebook.Test.LogInTests2Fetchdata" name="loginWithInvalidCredential" time="2.966"/>
  <testcase classname="com.facebook.Test.LogInTests2Fetchdata" name="loginWithInvalidCredential" time="2.992"/>
  <testcase classname="com.facebook.Test.LogInTests2Fetchdata" name="loginWithInvalidCredential" time="6.103"/>
</testsuite> <!-- com.facebook.Test.LogInTests2Fetchdata -->
