<?xml version="1.0" encoding="UTF-8"?>
<!-- Generated by org.testng.reporters.JUnitReportReporter -->
<testsuite hostname="LAPTOP-8GD78RI5" failures="0" tests="1" name="com.facebook.Test.MessengerTests" time="16.121" errors="0" timestamp="2023-10-15T09:58:07 IST" skipped="0">
  <testcase classname="com.facebook.Test.MessengerTests" name="openurl" time="16.121"/>
</testsuite> <!-- com.facebook.Test.MessengerTests -->
