<?xml version="1.0" encoding="UTF-8"?>
<!-- Generated by org.testng.reporters.JUnitReportReporter -->
<testsuite hostname="LAPTOP-8GD78RI5" failures="0" tests="1" name="com.amazon.Pages.Cart" time="15.171" errors="0" timestamp="2023-10-06T22:08:15 IST" skipped="0">
  <testcase classname="com.amazon.Pages.Cart" name="abc" time="15.171"/>
</testsuite> <!-- com.amazon.Pages.Cart -->
