<?xml version="1.0" encoding="UTF-8"?>
<!-- Generated by org.testng.reporters.JUnitReportReporter -->
<testsuite hostname="LAPTOP-8GD78RI5" failures="0" tests="1" name="com.facebook.Test.LogInTests2" time="13.747" errors="0" timestamp="2023-10-14T17:35:02 IST" skipped="0">
  <testcase classname="com.facebook.Test.LogInTests2" name="loginWithInvalicredentials" time="13.747"/>
</testsuite> <!-- com.facebook.Test.LogInTests2 -->
